<?xml version="1.0" encoding="UTF-8"?>
<testng-results ignored="0" total="1" passed="1" failed="0" skipped="0">
  <reporter-output>
    <line>
      <![CDATA[Starting the test execution]]>
    </line>
    <line>
      <![CDATA[Starting Browser and Application]]>
    </line>
    <line>
      <![CDATA[Browser and Application started]]>
    </line>
  </reporter-output>
  <suite started-at="2026-03-20T10:18:33 ICT" name="Surefire suite" finished-at="2026-03-20T10:19:05 ICT" duration-ms="32686">
    <groups>
      <group name="cucumber">
        <method signature="AbstractTestNGCucumberTests.runScenario(io.cucumber.testng.PickleWrapper,io.cucumber.testng.FeatureWrapper)[pri:0, instance:runner.TestRunner@17046283]" name="runScenario" class="io.cucumber.testng.AbstractTestNGCucumberTests"/>
      </group> <!-- cucumber -->
    </groups>
    <test started-at="2026-03-20T10:18:33 ICT" name="Surefire test" finished-at="2026-03-20T10:19:05 ICT" duration-ms="32686">
      <class name="runner.TestRunner">
        <test-method is-config="true" signature="setUpClass(org.testng.ITestContext)[pri:0, instance:runner.TestRunner@17046283]" started-at="2026-03-20T10:18:33 ICT" name="setUpClass" finished-at="2026-03-20T10:18:33 ICT" duration-ms="485" status="PASS">
          <params>
            <param index="0">
              <value>
                <![CDATA[org.testng.TestRunner@748904e8]]>
              </value>
            </param>
          </params>
          <reporter-output>
          </reporter-output>
        </test-method> <!-- setUpClass -->
        <test-method signature="runScenario(io.cucumber.testng.PickleWrapper,io.cucumber.testng.FeatureWrapper)[pri:0, instance:runner.TestRunner@17046283]" started-at="2026-03-20T10:18:33 ICT" name="runScenario" description="Runs Cucumber Scenarios" data-provider="scenarios" finished-at="2026-03-20T10:19:03 ICT" duration-ms="30198" status="PASS">
          <params>
            <param index="0">
              <value>
                <![CDATA["Successful Login and Checkout"]]>
              </value>
            </param>
            <param index="1">
              <value>
                <![CDATA["SauceDemo Login, Add to Cart, and Checkout Functions"]]>
              </value>
            </param>
          </params>
          <reporter-output>
            <line>
              <![CDATA[Starting the test execution]]>
            </line>
            <line>
              <![CDATA[Starting Browser and Application]]>
            </line>
            <line>
              <![CDATA[Browser and Application started]]>
            </line>
          </reporter-output>
        </test-method> <!-- runScenario -->
        <test-method is-config="true" signature="tearDownClass()[pri:0, instance:runner.TestRunner@17046283]" started-at="2026-03-20T10:19:03 ICT" name="tearDownClass" finished-at="2026-03-20T10:19:05 ICT" duration-ms="1953" status="PASS">
          <reporter-output>
          </reporter-output>
        </test-method> <!-- tearDownClass -->
      </class> <!-- runner.TestRunner -->
    </test> <!-- Surefire test -->
  </suite> <!-- Surefire suite -->
</testng-results>
