<?xml version="1.0" encoding="UTF-8"?>
<!-- Generated by org.testng.reporters.JUnitReportReporter -->
<testsuite hostname="DESKTOP-2D8T9HR" failures="0" tests="1" name="runner.TestRunner" time="30.198" errors="0" timestamp="2026-03-20T10:19:06 ICT" skipped="0">
  <testcase classname="runner.TestRunner" name="runScenario" time="30.198"/>
  <system-out>
    <![CDATA[Starting the test execution
Starting Browser and Application
Browser and Application started]]>
  </system-out>
</testsuite> <!-- runner.TestRunner -->
